[debug] > Exec(early(addDefaultCommands), None, None)
[debug] > Exec(addDefaultCommands, None, None)
[debug] > Exec(early(initialize), None, None)
[debug] > Exec(initialize, None, None)
[debug] > Exec(boot, None, None)
[debug] > Exec(writeSbtVersion, None, None)
[debug] > Exec(reload, None, None)
[debug] > Exec(sbtStashOnFailure, None, None)
[debug] > Exec(onFailure loadFailed, None, None)
[debug] > Exec(loadp, None, None)
[info] welcome to sbt 1.9.9 (Oracle Corporation Java 22)
[debug] Load.defaultLoad until apply took 381.0507ms
[debug]           Load.loadUnit: plugins took 350.2506ms
[debug]           Load.loadUnit: defsScala took 0.6524ms
[debug] [Loading] Scanning directory C:\Users\kusib\Schule Allgemein\Module\M-323 aktuell\behan_m323\06_Pipelines\Pipelines\Pipelines\project
[debug] [Loading] Found non-root projects 
[debug] [Loading] Done in C:\Users\kusib\Schule Allgemein\Module\M-323 aktuell\behan_m323\06_Pipelines\Pipelines\Pipelines\project, returning: ()
[debug] deducing auto plugins based on known facts Set(Atom(sbt.plugins.CorePlugin)) and clauses Clauses(Clause(Atom(sbt.plugins.JvmPlugin),Set(Atom(sbt.plugins.IvyPlugin)))
[debug] Clause(Atom(sbt.ScriptedPlugin),Set(Atom(sbt.plugins.JvmPlugin)))
[debug] Clause(Atom(sbt.plugins.SbtPlugin),Set(Atom(sbt.ScriptedPlugin)))
[debug] Clause(Atom(sbt.plugins.SemanticdbPlugin),Set(Atom(sbt.plugins.JvmPlugin)))
[debug] Clause(Atom(sbt.plugins.JUnitXmlReportPlugin),Set(Atom(sbt.plugins.JvmPlugin)))
[debug] Clause(Atom(sbt.plugins.MiniDependencyTreePlugin),Set(Atom(sbt.plugins.JvmPlugin)))
[debug] Clause(Atom(sbt.plugins.CorePlugin),Set(Atom(sbt.plugins.IvyPlugin)))
[debug] Clause(Atom(sbt.plugins.IvyPlugin),Set(Atom(sbt.plugins.JvmPlugin)))
[debug] Clause(Atom(sbt.plugins.JvmPlugin),Set(Atom(sbt.plugins.SemanticdbPlugin)))
[debug] Clause(Atom(sbt.plugins.JvmPlugin),Set(Atom(sbt.plugins.JUnitXmlReportPlugin)))
[debug] Clause(Atom(sbt.plugins.CorePlugin),Set(Atom(sbt.plugins.Giter8TemplatePlugin)))
[debug] Clause(Atom(sbt.plugins.JvmPlugin),Set(Atom(sbt.plugins.MiniDependencyTreePlugin))))
[debug]   :: deduced result: Matched(sbt.plugins.CorePlugin,sbt.plugins.Giter8TemplatePlugin,sbt.plugins.IvyPlugin,sbt.plugins.JvmPlugin,sbt.plugins.MiniDependencyTreePlugin,sbt.plugins.JUnitXmlReportPlugin,sbt.plugins.SemanticdbPlugin)
[debug] Plugins.deducer#function took 59.5753 ms
[debug]               Load.resolveProject(pipelines-build) took 111.0387ms
[debug]             Load.loadTransitive: finalizeProject(Project(id pipelines-build, base: C:\Users\kusib\Schule Allgemein\Module\M-323 aktuell\behan_m323\06_Pipelines\Pipelines\Pipelines\project, plugins: List(<none>))) took 257.2758ms
[debug] [Loading] Done in C:\Users\kusib\Schule Allgemein\Module\M-323 aktuell\behan_m323\06_Pipelines\Pipelines\Pipelines\project, returning: (pipelines-build)
[debug]           Load.loadUnit: loadedProjectsRaw took 319.2332ms
[debug]           Load.loadUnit: cleanEvalClasses took 0.6236ms
[debug]         Load.loadUnit(file:/C:/Users/kusib/Schule%20Allgemein/Module/M-323%20aktuell/behan_m323/06_Pipelines/Pipelines/Pipelines/project/, ...) took 686.805ms
[debug]       Load.apply: load took 1121.8833ms
[debug]       Load.apply: resolveProjects took 11.4821ms
[debug]       Load.apply: finalTransforms took 168.1826ms
[debug]       Load.apply: config.delegates took 16.1638ms
[debug]       Load.apply: Def.make(settings)... took 1091.9638ms
[debug]       Load.apply: structureIndex took 357.223ms
[debug]       Load.apply: mkStreams took 4.8168ms
[info] loading project definition from C:\Users\kusib\Schule Allgemein\Module\M-323 aktuell\behan_m323\06_Pipelines\Pipelines\Pipelines\project
[debug] Running task... Cancel: Signal, check cycles: false, forcegc: true
[debug]     Load.loadUnit: plugins took 4548.9279ms
[debug]     Load.loadUnit: defsScala took 0.0057ms
[debug] [Loading] Scanning directory C:\Users\kusib\Schule Allgemein\Module\M-323 aktuell\behan_m323\06_Pipelines\Pipelines\Pipelines
[debug]       Load.loadUnit: mkEval took 7.4143ms
[debug] [Loading] Found root project root w/ remaining 
[debug] deducing auto plugins based on known facts Set(Atom(sbt.plugins.CorePlugin)) and clauses Clauses(Clause(Atom(sbt.plugins.JvmPlugin),Set(Atom(sbt.plugins.IvyPlugin)))
[debug] Clause(Atom(sbt.ScriptedPlugin),Set(Atom(sbt.plugins.JvmPlugin)))
[debug] Clause(Atom(sbt.plugins.SbtPlugin),Set(Atom(sbt.ScriptedPlugin)))
[debug] Clause(Atom(sbt.plugins.SemanticdbPlugin),Set(Atom(sbt.plugins.JvmPlugin)))
[debug] Clause(Atom(sbt.plugins.JUnitXmlReportPlugin),Set(Atom(sbt.plugins.JvmPlugin)))
[debug] Clause(Atom(sbt.plugins.MiniDependencyTreePlugin),Set(Atom(sbt.plugins.JvmPlugin)))
[debug] Clause(Atom(sbt.plugins.CorePlugin),Set(Atom(sbt.plugins.IvyPlugin)))
[debug] Clause(Atom(sbt.plugins.IvyPlugin),Set(Atom(sbt.plugins.JvmPlugin)))
[debug] Clause(Atom(sbt.plugins.JvmPlugin),Set(Atom(sbt.plugins.SemanticdbPlugin)))
[debug] Clause(Atom(sbt.plugins.JvmPlugin),Set(Atom(sbt.plugins.JUnitXmlReportPlugin)))
[debug] Clause(Atom(sbt.plugins.CorePlugin),Set(Atom(sbt.plugins.Giter8TemplatePlugin)))
[debug] Clause(Atom(sbt.plugins.JvmPlugin),Set(Atom(sbt.plugins.MiniDependencyTreePlugin))))
[debug]   :: deduced result: Matched(sbt.plugins.CorePlugin,sbt.plugins.Giter8TemplatePlugin,sbt.plugins.IvyPlugin,sbt.plugins.JvmPlugin,sbt.plugins.MiniDependencyTreePlugin,sbt.plugins.JUnitXmlReportPlugin,sbt.plugins.SemanticdbPlugin)
[debug] Plugins.deducer#function took 4.3491 ms
[info] loading settings for project root from build.sbt ...
[debug]         Load.resolveProject(root) took 4.3105ms
[debug]       Load.loadTransitive: finalizeProject(Project(id root, base: C:\Users\kusib\Schule Allgemein\Module\M-323 aktuell\behan_m323\06_Pipelines\Pipelines\Pipelines, plugins: List(<none>))) took 11.3718ms
[debug] [Loading] Done in C:\Users\kusib\Schule Allgemein\Module\M-323 aktuell\behan_m323\06_Pipelines\Pipelines\Pipelines, returning: (root)
[debug]     Load.loadUnit: loadedProjectsRaw took 318.2617ms
[debug]     Load.loadUnit: cleanEvalClasses took 36.2451ms
[debug]   Load.loadUnit(file:/C:/Users/kusib/Schule%20Allgemein/Module/M-323%20aktuell/behan_m323/06_Pipelines/Pipelines/Pipelines/, ...) took 4907.8491ms
[debug] Load.apply: load took 4966.5054ms
[debug] Load.apply: resolveProjects took 0.5709ms
[debug] Load.apply: finalTransforms took 46.3221ms
[debug] Load.apply: config.delegates took 0.9253ms
[debug] Load.apply: Def.make(settings)... took 241.8535ms
[debug] Load.apply: structureIndex took 85.9484ms
[debug] Load.apply: mkStreams took 0.0061ms
[info] set current project to Pipelines (in build file:/C:/Users/kusib/Schule%20Allgemein/Module/M-323%20aktuell/behan_m323/06_Pipelines/Pipelines/Pipelines/)
[debug] > Exec(sbtPopOnFailure, None, None)
[debug] > Exec(resumeFromFailure, None, None)
[debug] > Exec(notifyUsersAboutShell, None, None)
[debug] > Exec(iflast shell, None, None)
[debug] > Exec(shell, None, None)
[info] sbt server started at local:sbt-server-36a68e94e64121dd76a5
[debug] Writing bsp connection file
[info] started sbt server
